\BOOKMARK [1][-]{section.1}{\376\377\000I\000n\000t\000r\000o\000d\000u\000c\000t\000i\000o\000n}{}% 1
\BOOKMARK [2][-]{subsection.1.1}{\376\377\000D\000A\000L\000I\000\040\000O\000v\000e\000r\000v\000i\000e\000w}{section.1}% 2
\BOOKMARK [2][-]{subsection.1.2}{\376\377\000P\000r\000o\000j\000e\000c\000t\000\040\000G\000o\000a\000l\000s}{section.1}% 3
\BOOKMARK [1][-]{section.2}{\376\377\000S\000y\000s\000t\000e\000m\000\040\000R\000e\000q\000u\000i\000r\000e\000m\000e\000n\000t\000s}{}% 4
\BOOKMARK [1][-]{section.3}{\376\377\000P\000r\000o\000j\000e\000c\000t\000\040\000S\000t\000r\000u\000c\000t\000u\000r\000e}{}% 5
\BOOKMARK [1][-]{section.4}{\376\377\000A\000g\000e\000n\000t\000s}{}% 6
\BOOKMARK [2][-]{subsection.4.1}{\376\377\000C\000l\000a\000s\000s\000\040\000D\000i\000a\000g\000r\000a\000m}{section.4}% 7
\BOOKMARK [2][-]{subsection.4.2}{\376\377\000D\000A\000L\000I\000\040\000s\000e\000m\000a\000n\000t\000y\000c\000s}{section.4}% 8
\BOOKMARK [3][-]{subsubsection.4.2.1}{\376\377\000C\000a\000r\000A\000g\000e\000n\000t\000:\000\040\000F\000e\000r\000r\000a\000r\000i\000A\000g\000e\000n\000t\000,\000\040\000M\000c\000L\000a\000r\000e\000n\000A\000g\000e\000n\000t\000,\000\040\000.\000.\000.}{subsection.4.2}% 9
\BOOKMARK [3][-]{subsubsection.4.2.2}{\376\377\000P\000i\000t\000W\000a\000l\000l\000A\000g\000e\000n\000t}{subsection.4.2}% 10
\BOOKMARK [3][-]{subsubsection.4.2.3}{\376\377\000S\000e\000m\000a\000p\000h\000o\000r\000e\000A\000g\000e\000n\000t}{subsection.4.2}% 11
\BOOKMARK [3][-]{subsubsection.4.2.4}{\376\377\000S\000a\000f\000e\000t\000y\000C\000a\000r\000A\000g\000e\000n\000t}{subsection.4.2}% 12
\BOOKMARK [1][-]{section.5}{\376\377\000D\000y\000n\000a\000m\000i\000c\000\040\000A\000g\000e\000n\000t\000\040\000S\000y\000s\000t\000e\000m}{}% 13
\BOOKMARK [2][-]{subsection.5.1}{\376\377\000C\000o\000d\000e\000\040\000G\000e\000n\000e\000r\000a\000t\000i\000o\000n\000\040\000P\000i\000p\000e\000l\000i\000n\000e}{section.5}% 14
\BOOKMARK [2][-]{subsection.5.2}{\376\377\000A\000d\000d\000i\000n\000g\000\040\000o\000r\000\040\000R\000e\000m\000o\000v\000i\000n\000g\000\040\000a\000\040\000C\000a\000r}{section.5}% 15
\BOOKMARK [1][-]{section.6}{\376\377\000R\000a\000c\000e\000\040\000F\000l\000o\000w}{}% 16
\BOOKMARK [2][-]{subsection.6.1}{\376\377\000S\000t\000a\000r\000t\000u\000p\000\040\000S\000e\000q\000u\000e\000n\000c\000e}{section.6}% 17
\BOOKMARK [2][-]{subsection.6.2}{\376\377\000L\000a\000p\000\040\000R\000o\000u\000n\000d\000-\000R\000o\000b\000i\000n}{section.6}% 18
\BOOKMARK [1][-]{section.7}{\376\377\000S\000e\000q\000u\000e\000n\000c\000e\000\040\000D\000i\000a\000g\000r\000a\000m\000s}{}% 19
\BOOKMARK [2][-]{subsection.7.1}{\376\377\000S\000t\000a\000r\000t\000u\000p\000\040\000S\000e\000q\000u\000e\000n\000c\000e}{section.7}% 20
\BOOKMARK [2][-]{subsection.7.2}{\376\377\000L\000a\000p\000\040\000R\000o\000u\000n\000d\000-\000R\000o\000b\000i\000n}{section.7}% 21
\BOOKMARK [2][-]{subsection.7.3}{\376\377\000S\000a\000f\000e\000t\000y\000\040\000C\000a\000r\000\040\000D\000e\000p\000l\000o\000y\000m\000e\000n\000t}{section.7}% 22
\BOOKMARK [2][-]{subsection.7.4}{\376\377\000E\000n\000g\000i\000n\000e\000\040\000F\000a\000i\000l\000u\000r\000e\000\040\000\050\000D\000N\000F\000\051}{section.7}% 23
\BOOKMARK [1][-]{section.8}{\376\377\000T\000i\000m\000i\000n\000g\000\040\000S\000y\000s\000t\000e\000m}{}% 24
\BOOKMARK [1][-]{section.9}{\376\377\000H\000o\000w\000\040\000t\000o\000\040\000R\000u\000n}{}% 25
\BOOKMARK [2][-]{subsection.9.1}{\376\377\000N\000a\000t\000i\000v\000e\000\040\000\050\000W\000S\000L\000\040\000/\000\040\000L\000i\000n\000u\000x\000\051\000\040\040\024\000\040\000N\000o\000t\000\040\000r\000e\000c\000o\000m\000m\000e\000n\000d\000e\000d}{section.9}% 26
\BOOKMARK [2][-]{subsection.9.2}{\376\377\000W\000e\000b\000\040\000D\000a\000s\000h\000b\000o\000a\000r\000d\000\040\040\024\000\040\000R\000e\000c\000o\000m\000m\000e\000n\000d\000e\000d}{section.9}% 27
\BOOKMARK [3][-]{subsubsection.9.2.1}{\376\377\000D\000a\000s\000h\000b\000o\000a\000r\000d\000\040\000C\000o\000n\000t\000r\000o\000l\000s}{subsection.9.2}% 28
\BOOKMARK [3][-]{subsubsection.9.2.2}{\376\377\000C\000i\000r\000c\000u\000i\000t\000\040\000T\000a\000b}{subsection.9.2}% 29
\BOOKMARK [1][-]{section.10}{\376\377\000D\000o\000c\000k\000e\000r\000\040\000D\000e\000p\000l\000o\000y\000m\000e\000n\000t}{}% 30
\BOOKMARK [2][-]{subsection.10.1}{\376\377\000A\000r\000c\000h\000i\000t\000e\000c\000t\000u\000r\000e}{section.10}% 31
\BOOKMARK [2][-]{subsection.10.2}{\376\377\000Q\000u\000i\000c\000k\000s\000t\000a\000r\000t}{section.10}% 32
\BOOKMARK [2][-]{subsection.10.3}{\376\377\000E\000n\000v\000i\000r\000o\000n\000m\000e\000n\000t\000\040\000V\000a\000r\000i\000a\000b\000l\000e\000s}{section.10}% 33
\BOOKMARK [1][-]{section.11}{\376\377\000D\000A\000L\000I\000\040\000S\000o\000u\000r\000c\000e\000\040\000P\000a\000t\000c\000h\000\040\000S\000y\000s\000t\000e\000m}{}% 34
\BOOKMARK [2][-]{subsection.11.1}{\376\377\000M\000o\000t\000i\000v\000a\000t\000i\000o\000n}{section.11}% 35
\BOOKMARK [2][-]{subsection.11.2}{\376\377\000S\000t\000r\000u\000c\000t\000u\000r\000e}{section.11}% 36
\BOOKMARK [2][-]{subsection.11.3}{\376\377\000I\000d\000e\000m\000p\000o\000t\000e\000n\000c\000y\000:\000\040\000t\000h\000e\000\040\000[\000F\0001\000\137\000P\000A\000T\000C\000H\000]\000\040\000M\000a\000r\000k\000e\000r}{section.11}% 37
\BOOKMARK [2][-]{subsection.11.4}{\376\377\000R\000e\000v\000e\000r\000t\000i\000n\000g\000\040\000t\000h\000e\000\040\000P\000a\000t\000c\000h\000e\000s}{section.11}% 38
\BOOKMARK [1][-]{section.12}{\376\377\000S\000h\000u\000t\000d\000o\000w\000n}{}% 39
